[2022-10-26 23:37:23.995104] [INFO] Start!
[2022-10-26 23:38:19.239729] [ERROR] Creating TEMP archive from NAE3-M_3002635_EN15_INF_OE: Traceback (most recent call last):
  File "D:\pythonDSA\CTE\dexma\src\methods.py", line 285, in omnieletronica_query
    for data in tmp['payload'][params[0]][params[1]]:
TypeError: list indices must be integers or slices, not str

[2022-10-26 23:47:42.553144] [ERROR] Creating TEMP archive from NAE3-M_3000840_EN_INF_OE: Traceback (most recent call last):
  File "D:\pythonDSA\CTE\dexma\src\methods.py", line 285, in omnieletronica_query
    for data in tmp['payload'][params[0]][params[1]]:
TypeError: list indices must be integers or slices, not str

[2022-10-26 23:57:21.230569] [INFO] Preparing to upload
[2022-10-26 23:57:21.230569] [INFO] Uploading 2 lines of data... [condominio-infinity-master_EN15_INF_CK.tmp]
[2022-10-26 23:57:21.230569] [INFO] Uploading 56 lines of data... [condominio-vista-faria-lima_EN15_VFL_CK.tmp]
[2022-10-26 23:57:21.230569] [INFO] Uploading 2 lines of data... [ED-CASTELO-MEDICAO-CONCESSIONARIA_EN15_CAS_CK.tmp]
[2022-10-26 23:57:21.230569] [INFO] Uploading NAE1-H_1419_AGL15_INF_OE.tmp
[2022-10-26 23:57:21.230569] [INFO] Uploading NAE1-H_1422_AGL15_INF_OE.tmp
[2022-10-26 23:57:21.230569] [INFO] Uploading NAE1-H_1428_AGL15_INF_OE.tmp
[2022-10-26 23:57:21.230569] [INFO] Uploading NAE1-H_1425_AGL15_INF_OE.tmp
[2022-10-26 23:57:21.230569] [INFO] Uploading NAE1-H_1431_AGL15_INF_OE.tmp
[2022-10-26 23:57:21.230569] [INFO] Uploading NAE1-H_1434_AGL15_INF_OE.tmp
[2022-10-26 23:57:21.230569] [INFO] Uploading NAE1-H_1449_AGL15_INF_OE.tmp
[2022-10-26 23:57:23.490483] [INFO] Uploading NAE1-H_1452_AGL15_INF_OE.tmp
[2022-10-26 23:57:23.490483] [INFO] Uploading NAE1-H_1455_AGL15_INF_OE.tmp
[2022-10-26 23:57:40.379099] [INFO] Uploading NAE1-H_1458_AGL15_INF_OE.tmp
[2022-10-26 23:57:40.425791] [INFO] Uploading NAE1-H_1464_AGL15_INF_OE.tmp
[2022-10-26 23:57:40.425791] [INFO] Uploading NAE1-H_1461_AGL15_INF_OE.tmp
[2022-10-26 23:57:40.425791] [INFO] Uploading NAE1-H_1477_AGL15_INF_OE.tmp
[2022-10-26 23:57:40.490434] [INFO] Uploading NAE1-H_1480_AGL15_INF_OE.tmp
[2022-10-26 23:57:40.490434] [INFO] Uploading NAE1-H_1483_AGL15_INF_OE.tmp
[2022-10-26 23:57:41.228658] [INFO] Uploading NAE1-H_1486_AGL15_INF_OE.tmp
[2022-10-26 23:57:42.044050] [INFO] Uploading NAE1-H_1492_AGL15_INF_OE.tmp
[2022-10-26 23:57:42.059674] [INFO] Uploading NAE1-H_1504_AGL15_INF_OE.tmp
[2022-10-26 23:57:58.855436] [INFO] Uploading NAE1-H_1507_AGL15_INF_OE.tmp
[2022-10-26 23:57:58.902325] [INFO] Uploading NAE1-H_1510_AGL15_INF_OE.tmp
[2022-10-26 23:57:58.980235] [INFO] Uploading NAE1-H_1513_AGL15_INF_OE.tmp
[2022-10-26 23:57:58.995786] [INFO] Uploading NAE1-H_1516_AGL15_INF_OE.tmp
[2022-10-26 23:57:58.995786] [INFO] Uploading NAE1-H_1519_AGL15_INF_OE.tmp
[2022-10-26 23:57:59.679794] [INFO] Uploading NAE1-H_1526_AGL15_INF_OE.tmp
[2022-10-26 23:57:59.810748] [INFO] Uploading NAE1-H_1529_AGL15_INF_OE.tmp
[2022-10-26 23:58:00.567788] [INFO] Uploading NAE1-H_1532_AGL15_INF_OE.tmp
[2022-10-26 23:58:01.350737] [INFO] Uploading NAE1-H_1535_AGL15_INF_OE.tmp
[2022-10-26 23:58:07.017988] [INFO] Uploading NAE1-H_1538_AGL15_INF_OE.tmp
[2022-10-26 23:58:17.477991] [INFO] Uploading NAE1-H_1541_AGL15_INF_OE.tmp
[2022-10-26 23:58:18.150110] [INFO] Uploading NAE1-H_1737_AGL15_INF_OE.tmp
[2022-10-26 23:58:18.165446] [INFO] Uploading NAE1-H_1740_AGL15_INF_OE.tmp
[2022-10-26 23:58:18.259202] [INFO] Uploading NAE1-H_1743_AGL15_INF_OE.tmp
[2022-10-26 23:58:18.290446] [INFO] Uploading NAE1-H_1746_AGL15_INF_OE.tmp
[2022-10-26 23:58:18.290446] [INFO] Uploading NAE1-H_1749_AGL15_INF_OE.tmp
[2022-10-26 23:58:18.967153] [INFO] Uploading NAE1-H_1752_AGL15_INF_OE.tmp
[2022-10-26 23:58:19.060627] [INFO] Uploading NAE1-H_2239_AGL15_INF_OE.tmp
[2022-10-26 23:58:19.857826] [INFO] Uploading NAE1-H_2241_AGL15_INF_OE.tmp
[2022-10-26 23:58:25.529414] [INFO] Uploading NAE1-H_2259_AGL15_INF_OE.tmp
[2022-10-26 23:58:35.985513] [INFO] Uploading NAE1-H_2741_AGL15_INF_OE.tmp
[2022-10-26 23:58:36.618609] [INFO] Uploading NAE1-H_3023526_AGL15_INF_OE.tmp
[2022-10-26 23:58:36.634146] [INFO] Uploading NAE1-H_3031680_AGL15_INF_OE.tmp
[2022-10-26 23:58:36.774870] [INFO] Uploading NAE1-M_3031750_EN15_INF_OE.tmp
[2022-10-26 23:58:36.798198] [INFO] Uploading NAE1-M_3031850_EN15_INF_OE.tmp
[2022-10-26 23:58:37.415202] [INFO] Uploading NAE1-M_3032036_EN15_INF_OE.tmp
[2022-10-26 23:58:37.577478] [INFO] Uploading NAE1-M_3032052_EN15_INF_OE.tmp
[2022-10-26 23:58:37.593006] [INFO] Uploading NAE1-M_3032071_EN15_INF_OE.tmp
[2022-10-26 23:58:38.319128] [INFO] Uploading NAE2-H_2710_AGL15_INF_OE.tmp
[2022-10-26 23:58:39.182011] [INFO] Uploading NAE2-M_3000995_EN15_CAS_OE.tmp
[2022-10-26 23:58:39.197635] [INFO] Uploading NAE2-M_3001010_EN15_CAS_OE.tmp
[2022-10-26 23:58:39.838403] [INFO] Uploading NAE2-M_3001962_EN15_CAS_OE.tmp
[2022-10-26 23:58:39.994571] [INFO] Uploading NAE3-H_3008107_AGL15_INF_OE.tmp
[2022-10-26 23:58:40.010190] [INFO] Uploading NAE3-H_3009659_AGL15_INF_OE.tmp
[2022-10-26 23:58:41.592552] [INFO] Uploading NAE3-H_5444_AGL15_INF_OE.tmp
[2022-10-26 23:58:41.592552] [INFO] Uploading NAE3-M_3000040_EN15_CAS_OE.tmp
[2022-10-26 23:58:42.264245] [INFO] Uploading NAE3-M_3000055_EN15_CAS_OE.tmp
[2022-10-26 23:58:44.012627] [INFO] Uploading NAE3-M_3000070_EN15_CAS_OE.tmp
[2022-10-26 23:58:44.672214] [INFO] Uploading NAE3-M_3000085_EN15_CAS_OE.tmp
[2022-10-26 23:58:44.812936] [INFO] Uploading NAE3-M_3000100_EN15_CAS_OE.tmp
[2022-10-26 23:58:46.440200] [INFO] Uploading NAE3-M_3000115_EN15_CAS_OE.tmp
[2022-10-26 23:58:47.080867] [INFO] Uploading NAE3-M_3000130_EN15_CAS_OE.tmp
[2022-10-26 23:58:47.221602] [INFO] Uploading NAE3-M_3000145_EN15_CAS_OE.tmp
[2022-10-26 23:58:48.874636] [INFO] Uploading NAE3-M_3000160_EN15_CAS_OE.tmp
[2022-10-26 23:58:49.484152] [INFO] Uploading NAE3-M_3000175_EN15_CAS_OE.tmp
[2022-10-26 23:58:49.624978] [INFO] Uploading NAE3-M_3000190_EN15_CAS_OE.tmp
[2022-10-26 23:58:51.296673] [INFO] Uploading NAE3-M_3000205_EN15_CAS_OE.tmp
[2022-10-26 23:58:51.906097] [INFO] Uploading NAE3-M_3000220_EN15_CAS_OE.tmp
[2022-10-26 23:58:52.062357] [INFO] Uploading NAE3-M_3000235_EN15_CAS_OE.tmp
[2022-10-26 23:58:53.716814] [INFO] Uploading NAE3-M_3000250_EN15_CAS_OE.tmp
[2022-10-26 23:58:54.313064] [INFO] Uploading NAE3-M_3000265_EN15_CAS_OE.tmp
[2022-10-26 23:58:54.469117] [INFO] Uploading NAE3-M_3000280_EN15_CAS_OE.tmp
[2022-10-26 23:58:54.469117] [INFO] Uploading NAE3-M_3000295_EN15_CAS_OE.tmp
[2022-10-26 23:58:55.062869] [INFO] Uploading NAE3-M_3000310_EN15_CAS_OE.tmp
[2022-10-26 23:58:55.125339] [INFO] Uploading NAE3-M_3000325_EN15_CAS_OE.tmp
[2022-10-26 23:58:56.126492] [INFO] Uploading NAE3-M_3000340_EN15_CAS_OE.tmp
[2022-10-26 23:58:56.735918] [INFO] Uploading NAE3-M_3000355_EN15_CAS_OE.tmp
[2022-10-26 23:58:56.876545] [INFO] Uploading NAE3-M_3004251_EN15_INF_OE.tmp
[2022-10-26 23:58:56.876545] [INFO] Uploading NAE3-M_3004255_EN15_INF_OE.tmp
[2022-10-26 23:58:57.470612] [INFO] Uploading NAE3-M_3004272_EN15_INF_OE.tmp
[2022-10-26 23:58:57.532851] [INFO] Uploading NAE3-M_3004289_EN15_INF_OE.tmp
[2022-10-26 23:58:58.548532] [INFO] Uploading NAE3-M_3004306_EN15_INF_OE.tmp
[2022-10-26 23:58:59.158119] [INFO] Uploading NAE3-M_3004322_EN15_INF_OE.tmp
[2022-10-26 23:58:59.298580] [INFO] Uploading NAE3-M_3004340_EN15_INF_OE.tmp
[2022-10-26 23:58:59.298580] [INFO] Uploading NAE3-M_3004356_EN15_INF_OE.tmp
[2022-10-26 23:58:59.877037] [INFO] Uploading NAE3-M_3004358_EN15_INF_OE.tmp
[2022-10-26 23:58:59.954875] [INFO] Uploading NAE3-M_3004374_EN15_INF_OE.tmp
[2022-10-26 23:59:00.954941] [INFO] Uploading NAE3-M_3004388_EN15_INF_OE.tmp
[2022-10-26 23:59:01.560446] [INFO] Uploading NAE3-M_3004409_EN15_INF_OE.tmp
[2022-10-26 23:59:01.721033] [INFO] Uploading NAE3-M_3004426_EN15_INF_OE.tmp
[2022-10-26 23:59:01.721033] [INFO] Uploading NAE3-M_3004443_EN15_INF_OE.tmp
[2022-10-26 23:59:02.305106] [INFO] Uploading NAE3-M_3004460_EN15_INF_OE.tmp
[2022-10-26 23:59:02.377511] [INFO] Uploading NAE3-M_3004463_EN15_INF_OE.tmp
[2022-10-26 23:59:03.369150] [INFO] Uploading NAE3-M_3004478_EN15_INF_OE.tmp
[2022-10-26 23:59:03.981715] [INFO] Uploading NAE3-M_3004511_EN15_INF_OE.tmp
[2022-10-26 23:59:04.138167] [INFO] Uploading NAE3-M_3004545_EN15_INF_OE.tmp
[2022-10-26 23:59:04.153502] [INFO] Uploading NAE3-M_3004579_EN15_INF_OE.tmp
[2022-10-26 23:59:04.716338] [INFO] Uploading NAE3-M_3004596_EN15_INF_OE.tmp
[2022-10-26 23:59:04.778577] [INFO] Uploading NAE3-M_3004611_EN15_INF_OE.tmp
[2022-10-26 23:59:05.784890] [INFO] Uploading NAE3-M_3004614_EN15_INF_OE.tmp
[2022-10-26 23:59:06.394215] [INFO] Uploading NAE3-M_3004648_EN15_INF_OE.tmp
[2022-10-26 23:59:06.568556] [INFO] Uploading NAE3-M_3004686_EN15_INF_OE.tmp
[2022-10-26 23:59:06.573400] [INFO] Uploading NAE3-M_3004699_EN15_INF_OE.tmp
[2022-10-26 23:59:07.129628] [INFO] Uploading NAE3-M_3009419_EN15_INF_OE.tmp
[2022-10-26 23:59:07.207730] [INFO] Uploading NAE3-M_3011452_EN15_INF_OE.tmp
[2022-10-26 23:59:08.194071] [INFO] Uploading NAE3-M_3011468_EN15_INF_OE.tmp
[2022-10-26 23:59:08.821939] [INFO] Uploading NAE3-M_3011511_EN15_INF_OE.tmp
[2022-10-26 23:59:08.977976] [INFO] Uploading NAE3-M_3011559_EN15_INF_OE.tmp
[2022-10-26 23:59:08.977976] [INFO] Uploading NAE3-M_3011622_EN15_INF_OE.tmp
[2022-10-26 23:59:09.540795] [INFO] Uploading NAE3-M_3011699_EN15_INF_OE.tmp
[2022-10-26 23:59:09.649896] [INFO] Uploading NAE4-M_3010740_EN15_INF_OE.tmp
[2022-10-26 23:59:10.625088] [INFO] Uploading NAE4-M_3010873_EN15_INF_OE.tmp
[2022-10-26 23:59:11.250130] [INFO] Uploading NAE6-M_3000852_EN15_INF_OE.tmp
[2022-10-26 23:59:11.406399] [INFO] Uploading NAE6-M_3000890_EN15_INF_OE.tmp
[2022-10-26 23:59:11.422016] [INFO] Uploading NAE6-M_3000916_EN15_INF_OE.tmp
[2022-10-26 23:59:11.953402] [INFO] Uploading NAE6-M_3000930_EN15_INF_OE.tmp
[2022-10-26 23:59:12.047347] [INFO] Uploading NAE6-M_3000950_EN15_INF_OE.tmp
[2022-10-26 23:59:13.055285] [INFO] Uploading NAE6-M_3000962_EN15_INF_OE.tmp
[2022-10-26 23:59:13.664718] [INFO] Uploading NAE6-M_3001000_EN15_INF_OE.tmp
[2022-10-26 23:59:13.810163] [INFO] Uploading NAE6-M_3001014_EN15_INF_OE.tmp
[2022-10-26 23:59:13.872462] [INFO] Uploading NAE6-M_3001026_EN15_INF_OE.tmp
[2022-10-26 23:59:14.372782] [INFO] Uploading NAE6-M_3001038_EN15_INF_OE.tmp
[2022-10-26 23:59:14.466261] [INFO] Uploading NAE6-M_3001050_EN15_INF_OE.tmp
[2022-10-26 23:59:15.488005] [INFO] Uploading NAE6-M_3001062_EN15_INF_OE.tmp
[2022-10-26 23:59:16.081895] [INFO] Uploading NAE6-M_3001074_EN15_INF_OE.tmp
[2022-10-26 23:59:16.222429] [INFO] Uploading NAE6-M_3001100_EN15_INF_OE.tmp
[2022-10-26 23:59:16.284934] [INFO] Uploading NAE6-M_3001126_EN15_INF_OE.tmp
[2022-10-26 23:59:16.785213] [INFO] Uploading NAE6-M_3001140_EN15_INF_OE.tmp
[2022-10-26 23:59:16.847571] [INFO] Uploading NAE6-M_3001152_EN15_INF_OE.tmp
[2022-10-26 23:59:17.894416] [INFO] Uploading NAE6-M_3001164_EN15_INF_OE.tmp
[2022-10-26 23:59:18.488307] [INFO] Uploading NAE6-M_3001176_EN15_INF_OE.tmp
[2022-10-26 23:59:18.628841] [INFO] Uploading NAE6-M_3001188_EN15_INF_OE.tmp
[2022-10-26 23:59:18.691345] [INFO] Uploading NAE6-M_3001212_EN15_INF_OE.tmp
[2022-10-26 23:59:19.191669] [INFO] Uploading NAE6-M_3001220_EN15_INF_OE.tmp
[2022-10-26 23:59:19.276242] [INFO] Uploading NAE6-M_3001228_EN15_INF_OE.tmp
[2022-10-26 23:59:20.295870] [INFO] Uploading NAE6-M_3001254_EN15_INF_OE.tmp
[2022-10-26 23:59:20.883627] [INFO] Uploading NAE6-M_3001268_EN15_INF_OE.tmp
[2022-10-26 23:59:21.039893] [INFO] Uploading NAE6-M_3001280_EN15_INF_OE.tmp
[2022-10-26 23:59:21.103450] [INFO] Uploading NAE6-M_3001292_EN15_INF_OE.tmp
[2022-10-26 23:59:21.601521] [INFO] Uploading NAE6-M_3001304_EN15_INF_OE.tmp
[2022-10-26 23:59:21.679647] [INFO] Uploading NAE6-M_3001316_EN15_INF_OE.tmp
[2022-10-26 23:59:22.696368] [INFO] Uploading NAE6-M_3001328_EN15_INF_OE.tmp
[2022-10-26 23:59:23.290527] [INFO] Uploading NAE6-M_3001340_EN15_INF_OE.tmp
[2022-10-26 23:59:23.437225] [INFO] Uploading NAE6-M_3001366_EN15_INF_OE.tmp
[2022-10-26 23:59:23.506395] [INFO] Uploading QS-A-11P01-H_3000054_AGL15_VCA_OE.tmp
[2022-10-26 23:59:24.016499] [INFO] Uploading QS-A-11P01-H_3000055_AGL15_VCA_OE.tmp
[2022-10-26 23:59:24.094530] [INFO] Uploading QS-A-11P01-H_3000056_AGL15_VCA_OE.tmp
[2022-10-26 23:59:25.088626] [INFO] Uploading QS-A-11P01-H_3000057_AGL15_VCA_OE.tmp
[2022-10-26 23:59:25.698141] [INFO] Uploading QS-A-11P01-H_3000058_AGL15_VCA_OE.tmp
[2022-10-26 23:59:25.842668] [INFO] Uploading QS-A-11P01-H_3000059_AGL15_VCA_OE.tmp
