[2022-10-30 10:19:03.788832] [INFO] Start!
[2022-10-30 10:19:03.851586] [INFO] Preparing to upload
[2022-10-30 10:19:03.851586] [INFO] Upload finished...
[2022-10-30 10:19:03.851586] [INFO] Waiting 10 minutes
[2022-10-30 10:19:50.331662] [INFO] Start!
[2022-10-30 10:19:50.409792] [INFO] Preparing to upload
[2022-10-30 10:19:50.409792] [INFO] Upload finished...
[2022-10-30 10:19:50.425418] [INFO] Waiting 10 minutes
[2022-10-30 10:21:27.869320] [INFO] Start!
[2022-10-30 10:21:27.947450] [INFO] Preparing to upload
[2022-10-30 10:21:27.947450] [INFO] Upload finished...
[2022-10-30 10:21:27.947450] [INFO] Waiting 10 minutes
[2022-10-30 10:22:17.606618] [INFO] Start!
[2022-10-30 10:24:51.420330] [INFO] Preparing to upload
[2022-10-30 10:24:51.420330] [INFO] Upload finished...
[2022-10-30 10:24:51.420330] [INFO] Waiting 10 minutes
[2022-10-30 10:24:56.873807] [INFO] Start!
[2022-10-30 11:12:43.120008] [INFO] Start!
[2022-10-30 11:12:43.229390] [INFO] Preparing to upload
[2022-10-30 11:12:43.229390] [INFO] Upload finished...
[2022-10-30 11:12:43.229390] [INFO] Waiting 10 minutes
[2022-10-30 11:14:49.377384] [INFO] Start!
[2022-10-30 11:15:37.780395] [INFO] Start!
[2022-10-30 11:17:12.202470] [INFO] Preparing to upload
[2022-10-30 11:17:12.202470] [INFO] Upload finished...
[2022-10-30 11:17:12.202470] [INFO] Waiting 10 minutes
[2022-10-30 11:18:14.895875] [INFO] Start!
[2022-10-30 11:19:10.990262] [INFO] Preparing to upload
[2022-10-30 11:19:10.990262] [INFO] Upload finished...
[2022-10-30 11:19:10.990262] [INFO] Waiting 10 minutes
[2022-10-30 11:19:20.664968] [INFO] Start!
[2022-10-30 11:21:17.273924] [INFO] Preparing to upload
[2022-10-30 11:21:17.273924] [INFO] Upload finished...
[2022-10-30 11:21:17.273924] [INFO] Waiting 10 minutes
[2022-10-30 11:21:21.447720] [INFO] Start!
[2022-10-30 11:23:16.009410] [INFO] Preparing to upload
[2022-10-30 11:23:16.009410] [INFO] Upload finished...
[2022-10-30 11:23:16.009410] [INFO] Waiting 10 minutes
[2022-10-30 11:23:19.281428] [INFO] Start!
[2022-10-30 11:25:00.208727] [INFO] Start!
[2022-10-30 11:26:32.514165] [INFO] Preparing to upload
[2022-10-30 11:26:32.514165] [INFO] Upload finished...
[2022-10-30 11:26:32.514165] [INFO] Waiting 10 minutes
[2022-10-30 11:26:39.263120] [INFO] Start!
[2022-10-30 11:27:22.569753] [INFO] Start!
[2022-10-30 11:35:17.964849] [INFO] Start!
[2022-10-30 11:35:18.261744] [INFO] Preparing to upload
[2022-10-30 11:35:18.261744] [INFO] Upload finished...
[2022-10-30 11:35:18.277370] [INFO] Waiting 10 minutes
[2022-10-30 11:35:28.865252] [INFO] Start!
[2022-10-30 11:36:37.746029] [INFO] Preparing to upload
[2022-10-30 11:36:37.746029] [INFO] Upload finished...
[2022-10-30 11:36:37.746029] [INFO] Waiting 10 minutes
[2022-10-30 11:41:30.233795] [INFO] Start!
[2022-10-30 11:43:21.482626] [INFO] Preparing to upload
[2022-10-30 11:43:21.482626] [INFO] Upload finished...
[2022-10-30 11:43:21.482626] [INFO] Waiting 10 minutes
[2022-10-30 11:44:47.388396] [INFO] Start!
[2022-10-30 11:45:34.801841] [INFO] Preparing to upload
[2022-10-30 11:45:34.801841] [INFO] Upload finished...
[2022-10-30 11:45:34.801841] [INFO] Waiting 10 minutes
[2022-10-30 11:46:35.722481] [INFO] Start!
[2022-10-30 11:47:14.994646] [INFO] Preparing to upload
[2022-10-30 11:47:14.994646] [INFO] Upload finished...
[2022-10-30 11:47:14.994646] [INFO] Waiting 10 minutes
[2022-10-30 12:06:36.881935] [INFO] Start!
[2022-10-30 12:06:37.178834] [INFO] Preparing to upload
[2022-10-30 12:06:37.178834] [INFO] Upload finished...
[2022-10-30 12:06:37.178834] [INFO] Waiting 10 minutes
[2022-10-30 12:07:16.959024] [INFO] Start!
[2022-10-30 12:07:26.504705] [INFO] Start!
[2022-10-30 12:07:36.489682] [INFO] Start!
[2022-10-30 12:07:36.849082] [INFO] Preparing to upload
[2022-10-30 12:07:36.849082] [INFO] Upload finished...
[2022-10-30 12:07:36.849082] [INFO] Waiting 10 minutes
[2022-10-30 12:07:57.904669] [INFO] Start!
[2022-10-30 12:10:02.674323] [INFO] Preparing to upload
[2022-10-30 12:10:02.674323] [INFO] Upload finished...
[2022-10-30 12:10:02.674323] [INFO] Waiting 10 minutes
[2022-10-30 16:07:33.561614] [INFO] Start!
[2022-10-30 16:09:28.088957] [INFO] Start!
[2022-10-30 16:09:30.858244] [INFO] Preparing to upload
[2022-10-30 16:09:30.858244] [INFO] Upload finished...
[2022-10-30 16:09:30.858244] [INFO] Waiting 10 minutes
[2022-10-30 16:09:34.460827] [INFO] Start!
[2022-10-30 16:09:34.773347] [INFO] Preparing to upload
[2022-10-30 16:09:34.773347] [INFO] Upload finished...
[2022-10-30 16:09:34.773347] [INFO] Waiting 10 minutes
[2022-10-30 16:10:08.109356] [INFO] Start!
[2022-10-30 16:10:08.406252] [INFO] Preparing to upload
[2022-10-30 16:10:08.406252] [INFO] Upload finished...
[2022-10-30 16:10:08.406252] [INFO] Waiting 10 minutes
[2022-10-30 16:12:09.860943] [INFO] Start!
[2022-10-30 16:12:10.173464] [INFO] Preparing to upload
[2022-10-30 16:12:10.173464] [INFO] Upload finished...
[2022-10-30 16:12:10.173464] [INFO] Waiting 10 minutes
[2022-10-30 16:12:54.584671] [INFO] Start!
[2022-10-30 16:13:44.634427] [INFO] Preparing to upload
[2022-10-30 16:13:44.634427] [INFO] Upload finished...
[2022-10-30 16:13:44.634427] [INFO] Waiting 10 minutes
[2022-10-30 16:17:58.749190] [INFO] Start!
[2022-10-30 16:17:59.061711] [INFO] Preparing to upload
[2022-10-30 16:17:59.061711] [INFO] Upload finished...
[2022-10-30 16:17:59.061711] [INFO] Waiting 10 minutes
[2022-10-30 16:35:52.952268] [INFO] Start!
[2022-10-30 16:36:28.585007] [INFO] Preparing to upload
[2022-10-30 16:36:28.585007] [INFO] Upload finished...
[2022-10-30 16:36:28.585007] [INFO] Waiting 10 minutes
[2022-10-30 16:36:49.805150] [INFO] Start!
[2022-10-30 16:36:53.024112] [INFO] Preparing to upload
[2022-10-30 16:36:53.024112] [INFO] Upload finished...
[2022-10-30 16:36:53.024112] [INFO] Waiting 10 minutes
[2022-10-30 16:45:11.716270] [INFO] Start!
[2022-10-30 16:46:17.427369] [INFO] Preparing to upload
[2022-10-30 16:46:17.427369] [INFO] Upload finished...
[2022-10-30 16:46:17.427369] [INFO] Waiting 10 minutes
[2022-10-30 16:52:12.381562] [INFO] Start!
[2022-10-30 16:53:45.127756] [INFO] Preparing to upload
[2022-10-30 16:53:45.127756] [INFO] Upload finished...
[2022-10-30 16:53:45.127756] [INFO] Waiting 10 minutes
[2022-10-30 16:53:48.581111] [INFO] Start!
[2022-10-30 17:09:25.685585] [INFO] Start!
[2022-10-30 17:11:41.938183] [INFO] Start!
[2022-10-30 17:12:09.084273] [INFO] Start!
[2022-10-30 17:12:24.538418] [INFO] Start!
[2022-10-30 17:12:47.414935] [INFO] Start!
[2022-10-30 17:12:47.602440] [INFO] Preparing to upload
[2022-10-30 17:12:47.602440] [INFO] Upload finished...
[2022-10-30 17:12:47.602440] [INFO] Waiting 10 minutes
[2022-10-30 17:15:40.822442] [INFO] Start!
[2022-10-30 17:16:28.335476] [INFO] Preparing to upload
[2022-10-30 17:16:28.335476] [INFO] Upload finished...
[2022-10-30 17:16:28.335476] [INFO] Waiting 10 minutes
[2022-10-30 17:16:35.851588] [INFO] Start!
[2022-10-30 17:23:37.580251] [INFO] Preparing to upload
[2022-10-30 17:23:46.533677] [INFO] Uploading 14 lines of data... [QS-A-4P01-M_43FE58_AGL15_VCA_SF.tmp]
[2022-10-30 17:24:05.505787] [INFO] Upload finished...
[2022-10-30 17:24:19.390323] [INFO] Waiting 10 minutes
[2022-10-30 17:42:14.620809] [INFO] Start!
[2022-10-30 17:42:15.167721] [INFO] Preparing to upload
[2022-10-30 17:42:15.167721] [INFO] Uploading 14 lines of data... [QS-A-4P01-M_43FE58_AGL15_VCA_SF.tmp]
[2022-10-30 17:42:27.512376] [INFO] Upload finished...
[2022-10-30 17:42:27.512376] [INFO] Waiting 10 minutes
[2022-10-30 23:14:35.885984] [INFO] Start!
[2022-10-30 23:14:36.479766] [INFO] Preparing to upload
[2022-10-30 23:14:36.479766] [INFO] Uploading 15 lines of data... [QS-A-4P01-M_43FE58_AGL15_VCA_SF.tmp]
[2022-10-30 23:14:49.384327] [INFO] Upload finished...
[2022-10-30 23:14:49.384327] [INFO] Waiting 10 minutes
[2022-10-30 23:25:06.622677] [INFO] Start!
[2022-10-30 23:25:07.216287] [INFO] Preparing to upload
[2022-10-30 23:25:07.216287] [INFO] Uploading 15 lines of data... [QS-A-4P01-M_43FE58_AGL15_VCA_SF.tmp]
[2022-10-30 23:25:19.529684] [INFO] Upload finished...
[2022-10-30 23:25:19.529684] [INFO] Waiting 10 minutes
[2022-10-30 23:26:49.577698] [INFO] Start!
[2022-10-30 23:34:30.081573] [INFO] Start!
[2022-10-30 23:34:30.628494] [INFO] Preparing to upload
[2022-10-30 23:34:30.644111] [INFO] Uploading 15 lines of data... [QS-A-4P01-M_43FE58_AGL15_VCA_SF.tmp]
[2022-10-30 23:34:45.848525] [INFO] Upload finished...
[2022-10-30 23:34:45.848525] [INFO] Waiting 10 minutes
[2022-10-30 23:44:45.853166] [INFO] Start!
[2022-10-30 23:44:46.426744] [INFO] Preparing to upload
[2022-10-30 23:44:46.426744] [INFO] Uploading 15 lines of data... [QS-A-4P01-M_43FE58_AGL15_VCA_SF.tmp]
[2022-10-30 23:44:58.717489] [INFO] Upload finished...
[2022-10-30 23:44:58.717489] [INFO] Waiting 10 minutes
[2022-10-30 23:52:13.813762] [INFO] Start!
[2022-10-30 23:52:14.438798] [INFO] Preparing to upload
[2022-10-30 23:52:14.438798] [INFO] Uploading 15 lines of data... [QS-A-4P01-M_43FE58_AGL15_VCA_SF.tmp]
[2022-10-30 23:52:26.752385] [INFO] Upload finished...
[2022-10-30 23:52:26.752385] [INFO] Waiting 10 minutes
